#
# There is insufficient memory for the Java Runtime Environment to continue.
# Native memory allocation (mmap) failed to map 134217728 bytes for G1 virtual space
# Possible reasons:
#   The system is out of physical RAM or swap space
#   The process is running with CompressedOops enabled, and the Java Heap may be blocking the growth of the native heap
# Possible solutions:
#   Reduce memory load on the system
#   Increase physical memory or swap space
#   Check if swap backing store is full
#   Decrease Java heap size (-Xmx/-Xms)
#   Decrease number of Java threads
#   Decrease Java thread stack sizes (-Xss)
#   Set larger code cache with -XX:ReservedCodeCacheSize=
#   JVM is running with Unscaled Compressed Oops mode in which the Java heap is
#     placed in the first 4GB address space. The Java Heap base address is the
#     maximum limit for the native heap growth. Please use -XX:HeapBaseMinAddress
#     to set the Java Heap base and to place the Java Heap above 4GB virtual address.
# This output file may be truncated or incomplete.
#
#  Out of Memory Error (os_windows.cpp:3753), pid=72732, tid=75752
#
# JRE version:  (17.0.4.1+7) (build )
# Java VM: OpenJDK 64-Bit Server VM (17.0.4.1+7-b469.62, mixed mode, sharing, tiered, compressed oops, compressed class ptrs, g1 gc, windows-amd64)
# No core dump will be written. Minidumps are not enabled by default on client versions of Windows
#

---------------  S U M M A R Y ------------

Command Line: -Dawt.toolkit=com.intellij.desktop.DesktopActionsToolkit -Djava.rmi.server.hostname=127.0.0.1 -Duser.timezone=UTC -Xmx750m -Xms128m --add-exports=java.desktop/sun.awt=ALL-UNNAMED --add-exports=java.desktop/java.awt.peer=ALL-UNNAMED --add-opens=java.desktop/java.awt=ALL-UNNAMED --add-opens=jdk.unsupported/sun.misc=ALL-UNNAMED --add-opens=java.base/java.nio=ALL-UNNAMED -Dfile.encoding=UTF-8 com.intellij.database.remote.RemoteJdbcServer org.postgresql.Driver

Host: Intel(R) Core(TM) i5-10210U CPU @ 1.60GHz, 8 cores, 15G,  Windows 11 , 64 bit Build 22000 (10.0.22000.1335)
Time: Fri Jan 27 11:18:51 2023  Windows 11 , 64 bit Build 22000 (10.0.22000.1335) elapsed time: 0.094502 seconds (0d 0h 0m 0s)

---------------  T H R E A D  ---------------

Current thread (0x000001d03e8d8da0):  JavaThread "Unknown thread" [_thread_in_vm, id=75752, stack(0x000000a0cd600000,0x000000a0cd700000)]

Stack: [0x000000a0cd600000,0x000000a0cd700000]
Native frames: (J=compiled Java code, j=interpreted, Vv=VM code, C=native code)
V  [jvm.dll+0x68356a]
V  [jvm.dll+0x83fab4]
V  [jvm.dll+0x84125e]
V  [jvm.dll+0x8418c3]
V  [jvm.dll+0x249735]
V  [jvm.dll+0x680439]
V  [jvm.dll+0x674a7a]
V  [jvm.dll+0x30956b]
V  [jvm.dll+0x310a26]
V  [jvm.dll+0x36089e]
V  [jvm.dll+0x360acf]
V  [jvm.dll+0x2df658]
V  [jvm.dll+0x2e05c4]
V  [jvm.dll+0x8112a1]
V  [jvm.dll+0x36e6f1]
V  [jvm.dll+0x7f076c]
V  [jvm.dll+0x3f180f]
V  [jvm.dll+0x3f3351]
C  [jli.dll+0x526b]
C  [ucrtbase.dll+0x26c0c]
C  [KERNEL32.DLL+0x155a0]
C  [ntdll.dll+0x485b]


---------------  P R O C E S S  ---------------

Threads class SMR info:
_java_thread_list=0x00007ff9367b7f58, length=0, elements={
}

Java Threads: ( => current thread )

Other Threads:
  0x000001d03e90e160 GCTaskThread "GC Thread#0" [stack: 0x000000a0cd700000,0x000000a0cd800000] [id=46060]
  0x000001d03e9154e0 ConcurrentGCThread "G1 Main Marker" [stack: 0x000000a0cd800000,0x000000a0cd900000] [id=34024]
  0x000001d03e9165a0 ConcurrentGCThread "G1 Conc#0" [stack: 0x000000a0cd900000,0x000000a0cda00000] [id=73536]

[error occurred during error reporting (printing all threads), id 0xc0000005, EXCEPTION_ACCESS_VIOLATION (0xc0000005) at pc=0x00007ff935f70217]

VM state: not at safepoint (not fully initialized)

VM Mutex/Monitor currently owned by a thread:  ([mutex/lock_event])
[0x000001d03e8d3f40] Heap_lock - owner thread: 0x000001d03e8d8da0

Heap address: 0x00000000d1200000, size: 750 MB, Compressed Oops mode: 32-bit

CDS archive(s) mapped at: [0x0000000000000000-0x0000000000000000-0x0000000000000000), size 0, SharedBaseAddress: 0x0000000800000000, ArchiveRelocationMode: 0.
Narrow klass base: 0x0000000000000000, Narrow klass shift: 0, Narrow klass range: 0x0

GC Precious Log:
<Empty>

Heap:
 garbage-first heap   total 0K, used 0K [0x00000000d1200000, 0x0000000100000000)
  region size 1024K, 0 young (0K), 0 survivors (0K)

[error occurred during error reporting (printing heap information), id 0xc0000005, EXCEPTION_ACCESS_VIOLATION (0xc0000005) at pc=0x00007ff93635d1f9]

GC Heap History (0 events):
No events

Deoptimization events (0 events):
No events

Classes unloaded (0 events):
No events

Classes redefined (0 events):
No events

Internal exceptions (0 events):
No events

VM Operations (0 events):
No events

Events (1 events):
Event: 0.085 Loaded shared library D:\软件\IntelliJ IDEA 2022.2.3\jbr\bin\java.dll


Dynamic libraries:
0x00007ff6b3ca0000 - 0x00007ff6b3caa000 	D:\软件\IntelliJ IDEA 2022.2.3\jbr\bin\java.exe
0x00007ff9919c0000 - 0x00007ff991bc9000 	C:\WINDOWS\SYSTEM32\ntdll.dll
0x00007ff9905c0000 - 0x00007ff99067e000 	C:\WINDOWS\System32\KERNEL32.DLL
0x00007ff98f070000 - 0x00007ff98f3eb000 	C:\WINDOWS\System32\KERNELBASE.dll
0x00007ff98f3f0000 - 0x00007ff98f501000 	C:\WINDOWS\System32\ucrtbase.dll
0x00007ff989c80000 - 0x00007ff989c97000 	D:\软件\IntelliJ IDEA 2022.2.3\jbr\bin\jli.dll
0x00007ff98f920000 - 0x00007ff98facd000 	C:\WINDOWS\System32\USER32.dll
0x00007ff98f790000 - 0x00007ff98f7b6000 	C:\WINDOWS\System32\win32u.dll
0x00007ff990af0000 - 0x00007ff990b19000 	C:\WINDOWS\System32\GDI32.dll
0x00007ff96b920000 - 0x00007ff96bbc5000 	C:\WINDOWS\WinSxS\amd64_microsoft.windows.common-controls_6595b64144ccf1df_6.0.22000.120_none_9d947278b86cc467\COMCTL32.dll
0x00007ff98fad0000 - 0x00007ff98fb73000 	C:\WINDOWS\System32\msvcrt.dll
0x00007ff98f510000 - 0x00007ff98f628000 	C:\WINDOWS\System32\gdi32full.dll
0x00007ff98f630000 - 0x00007ff98f6cd000 	C:\WINDOWS\System32\msvcp_win.dll
0x00007ff9774d0000 - 0x00007ff9774eb000 	D:\软件\IntelliJ IDEA 2022.2.3\jbr\bin\VCRUNTIME140.dll
0x00007ff98f840000 - 0x00007ff98f872000 	C:\WINDOWS\System32\IMM32.DLL
0x00007ff98ac60000 - 0x00007ff98ac6c000 	D:\软件\IntelliJ IDEA 2022.2.3\jbr\bin\vcruntime140_1.dll
0x00007ff974190000 - 0x00007ff97421d000 	D:\软件\IntelliJ IDEA 2022.2.3\jbr\bin\msvcp140.dll
0x00007ff935c80000 - 0x00007ff9368e9000 	D:\软件\IntelliJ IDEA 2022.2.3\jbr\bin\server\jvm.dll
0x00007ff990500000 - 0x00007ff9905ae000 	C:\WINDOWS\System32\ADVAPI32.dll
0x00007ff98f880000 - 0x00007ff98f91e000 	C:\WINDOWS\System32\sechost.dll
0x00007ff990e50000 - 0x00007ff990f70000 	C:\WINDOWS\System32\RPCRT4.dll
0x00007ff98fd20000 - 0x00007ff98fd28000 	C:\WINDOWS\System32\PSAPI.DLL
0x00007ff989030000 - 0x00007ff98903a000 	C:\WINDOWS\SYSTEM32\VERSION.dll
0x00007ff96f130000 - 0x00007ff96f139000 	C:\WINDOWS\SYSTEM32\WSOCK32.dll
0x00007ff989aa0000 - 0x00007ff989ad3000 	C:\WINDOWS\SYSTEM32\WINMM.dll
0x00007ff990c90000 - 0x00007ff990cff000 	C:\WINDOWS\System32\WS2_32.dll
0x00007ff98df70000 - 0x00007ff98df88000 	C:\WINDOWS\SYSTEM32\kernel.appcore.dll
0x00007ff974f80000 - 0x00007ff974f8a000 	D:\软件\IntelliJ IDEA 2022.2.3\jbr\bin\jimage.dll
0x00007ff986f90000 - 0x00007ff9871b1000 	C:\WINDOWS\SYSTEM32\DBGHELP.DLL
0x00007ff974830000 - 0x00007ff974861000 	C:\WINDOWS\SYSTEM32\dbgcore.DLL
0x00007ff98f7c0000 - 0x00007ff98f83f000 	C:\WINDOWS\System32\bcryptPrimitives.dll
0x00007ff974760000 - 0x00007ff974785000 	D:\软件\IntelliJ IDEA 2022.2.3\jbr\bin\java.dll

dbghelp: loaded successfully - version: 4.0.5 - missing functions: none
symbol engine: initialized successfully - sym options: 0x614 - pdb path: .;D:\软件\IntelliJ IDEA 2022.2.3\jbr\bin;C:\WINDOWS\SYSTEM32;C:\WINDOWS\WinSxS\amd64_microsoft.windows.common-controls_6595b64144ccf1df_6.0.22000.120_none_9d947278b86cc467;D:\软件\IntelliJ IDEA 2022.2.3\jbr\bin\se;D:\软件\IntelliJ IDEA 2022.2.3\jbr\bin\

VM Arguments:
jvm_args: -Dawt.toolkit=com.intellij.desktop.DesktopActionsToolkit -Djava.rmi.server.hostname=127.0.0.1 -Duser.timezone=UTC -Xmx750m -Xms128m --add-exports=java.desktop/sun.awt=ALL-UNNAMED --add-exports=java.desktop/java.awt.peer=ALL-UNNAMED --add-opens=java.desktop/java.awt=ALL-UNNAMED --add-opens=jdk.unsupported/sun.misc=ALL-UNNAMED --add-opens=java.base/java.nio=ALL-UNNAMED -Dfile.encoding=UTF-8 
java_command: com.intellij.database.remote.RemoteJdbcServer org.postgresql.Driver
java_class_path (initial): D:\软件\IntelliJ IDEA 2022.2.3\lib\util_rt.jar;D:\软件\IntelliJ IDEA 2022.2.3\lib\util.jar;D:\软件\IntelliJ IDEA 2022.2.3\lib\groovy.jar;D:\软件\IntelliJ IDEA 2022.2.3\plugins\DatabaseTools\lib\jdbc-console.jar;C:\Users\liuch\AppData\Roaming\JetBrains\IntelliJIdea2022.2\jdbc-drivers\PostgreSQL\42.5.0\org\postgresql\postgresql\42.5.0\postgresql-42.5.0.jar;C:\Users\liuch\AppData\Roaming\JetBrains\IntelliJIdea2022.2\jdbc-drivers\PostgreSQL\42.5.0\org\checkerframework\checker-qual\3.5.0\checker-qual-3.5.0.jar;C:\Users\liuch\AppData\Roaming\JetBrains\IntelliJIdea2022.2\jdbc-drivers\PostgreSQL\42.5.0\com\github\waffle\waffle-jna\1.9.1\waffle-jna-1.9.1.jar;C:\Users\liuch\AppData\Roaming\JetBrains\IntelliJIdea2022.2\jdbc-drivers\PostgreSQL\42.5.0\net\java\dev\jna\jna\4.5.1\jna-4.5.1.jar;C:\Users\liuch\AppData\Roaming\JetBrains\IntelliJIdea2022.2\jdbc-drivers\PostgreSQL\42.5.0\net\java\dev\jna\jna-platform\4.5.1\jna-platform-4.5.1.jar;C:\Users\liuch\AppData\Roaming\JetBrains\IntelliJIdea2022.2\jdbc-drivers\PostgreSQL\42.5.0\org\slf4j\jcl-over-slf4j\1.7.25\jcl-over-slf4j-1.7.25.jar;C:\Users\liuch\AppData\Roaming\JetBrains\IntelliJIdea2022.2\jdbc-drivers\PostgreSQL\42.5.0\org\slf4j\slf4j-api\1.7.25\slf4j-api-1.7.25.jar;C:\Users\liuch\AppData\Roaming\JetBrains\IntelliJIdea2022.2\jdbc-drivers\PostgreSQL\42.5.0\com\github\ben-manes\caffeine\caffeine\2.6.2\caffeine-2.6.2.jar
Launcher Type: SUN_STANDARD

[Global flags]
     intx CICompilerCount                          = 4                                         {product} {ergonomic}
     uint ConcGCThreads                            = 2                                         {product} {ergonomic}
     uint G1ConcRefinementThreads                  = 8                                         {product} {ergonomic}
   size_t G1HeapRegionSize                         = 1048576                                   {product} {ergonomic}
    uintx GCDrainStackTargetSize                   = 64                                        {product} {ergonomic}
   size_t InitialHeapSize                          = 134217728                                 {product} {command line}
   size_t MarkStackSize                            = 4194304                                   {product} {ergonomic}
   size_t MaxHeapSize                              = 786432000                                 {product} {command line}
   size_t MinHeapDeltaBytes                        = 1048576                                   {product} {ergonomic}
   size_t MinHeapSize                              = 134217728                                 {product} {command line}
    uintx NonNMethodCodeHeapSize                   = 5839372                                {pd product} {ergonomic}
    uintx NonProfiledCodeHeapSize                  = 122909434                              {pd product} {ergonomic}
    uintx ProfiledCodeHeapSize                     = 122909434                              {pd product} {ergonomic}
    uintx ReservedCodeCacheSize                    = 251658240                              {pd product} {ergonomic}
     bool SegmentedCodeCache                       = true                                      {product} {ergonomic}
   size_t SoftMaxHeapSize                          = 786432000                              {manageable} {ergonomic}
     bool UseCompressedClassPointers               = true                           {product lp64_product} {ergonomic}
     bool UseCompressedOops                        = true                           {product lp64_product} {ergonomic}
     bool UseG1GC                                  = true                                      {product} {ergonomic}
     bool UseLargePagesIndividualAllocation        = false                                  {pd product} {ergonomic}

Logging:
Log output configuration:
 #0: stdout all=warning uptime,level,tags
 #1: stderr all=off uptime,level,tags

Environment Variables:
JAVA_HOME=C:\Program Files\Java\jdk1.8.0_271
PATH=C:\Windows;C:\Windows\System32\Wbem;C:\Windows\System32\WindowsPowerShell\v1.0\;C:\Windows\System32\OpenSSH\;C:\Program Files (x86)\NVIDIA Corporation\PhysX\Common;C:\Program Files\NVIDIA Corporation\NVIDIA NvDLISR;D:\anaconda3;C:\Users\liuch\AppData\Roaming\Microsoft\Windows\Start Menu\Programs\Anaconda3 (64-bit);C:\WINDOWS\system32;C:\WINDOWS;C:\WINDOWS\System32\Wbem;C:\WINDOWS\System32\WindowsPowerShell\v1.0\;C:\WINDOWS\System32\OpenSSH\;D:\lc\python\项目\learning_log\11_env\Scripts;D:\software\Git\cmd;D:\software\;C:\Program Files\GitHub CLI\;D:\software\mysql-8.0.30-winx64\bin;C:\Users\liuch\AppData\Roaming\npm;C:\Program Files\Java\jdk1.8.0_271\bin;C:\Program Files\Java\jdk1.8.0_271\jre\bin;C:\Windows\system32;D:\lc\aws\;C:\Program Files\Amazon\AWSCLIV2\;D:\软件\apache-maven-3.8.6-bin\apache-maven-3.8.6\bin;D:\software;D:\software\Library\mingw-w64\bin;D:\software\Library\usr\bin;D:\software\Library\bin;D:\software\Scripts;D:\anaconda3;D:\anaconda3\Library\mingw-w64\bin;D:\anaconda3\Library\usr\bin;D:\anaconda3\Library\bin;D:\anaconda3\Scripts;C:\Users\liuch\AppData\Local\Microsoft\WindowsApps;D:\lc\python\项目\learning_log\11_env\Scripts;D:\software\heroku\bin;D:\software\Microsoft VS Code\bin;C:\Users\liuch\AppData\Roaming\npm
USERNAME=liuch
OS=Windows_NT
PROCESSOR_IDENTIFIER=Intel64 Family 6 Model 142 Stepping 12, GenuineIntel
TMP=C:\Users\liuch\AppData\Local\Temp
TEMP=C:\Users\liuch\AppData\Local\Temp



---------------  S Y S T E M  ---------------

OS:
 Windows 11 , 64 bit Build 22000 (10.0.22000.1335)
OS uptime: 5 days 0:46 hours

CPU: total 8 (initial active 8) (4 cores per cpu, 2 threads per core) family 6 model 142 stepping 12 microcode 0xde, cx8, cmov, fxsr, ht, mmx, 3dnowpref, sse, sse2, sse3, ssse3, sse4.1, sse4.2, popcnt, lzcnt, tsc, tscinvbit, avx, avx2, aes, erms, clmul, bmi1, bmi2, adx, fma, vzeroupper, clflush, clflushopt

Memory: 4k page, system-wide physical 16214M (1003M free)
TotalPageFile size 29014M (AvailPageFile size 70M)
current process WorkingSet (physical memory assigned to process): 10M, peak: 10M
current process commit charge ("private bytes"): 59M, peak: 187M

vm_info: OpenJDK 64-Bit Server VM (17.0.4.1+7-b469.62) for windows-amd64 JRE (17.0.4.1+7-b469.62), built on 2022-09-22 by "builduser" with MS VC++ 16.10 / 16.11 (VS2019)

END.
